{
  "RSpec": {
    "coverage": {
      "/home/interpreted-number-2717/tic-tac-toe-rb-ruby-apply-000/lib/tic_tac_toe.rb": [
        null,
        null,
        1,
        null,
        null,
        null,
        null,
        null,
        null,
        null,
        null,
        null,
        1,
        30,
        30,
        30,
        30,
        30,
        null,
        null,
        1,
        47548,
        null,
        null,
        1,
        28,
        null,
        null,
        1,
        47562,
        32,
        null,
        47530,
        null,
        null,
        null,
        1,
        47548,
        26,
        null,
        47522,
        null,
        null,
        null,
        1,
        47555,
        47549,
        47545,
        47545,
        25,
        25,
        null,
        47520,
        null,
        null,
        null,
        1,
        27,
        27,
        243,
        45,
        null,
        null,
        27,
        null,
        null,
        1,
        26,
        26,
        18,
        null,
        8,
        null,
        null,
        1,
        16,
        113,
        113,
        113,
        null,
        113,
        113,
        113,
        113,
        113,
        113,
        113,
        8,
        null,
        null,
        8,
        null,
        null,
        1,
        7,
        42,
        null,
        null,
        null,
        1,
        7,
        3,
        0,
        0,
        null,
        null,
        null,
        1,
        3,
        2,
        null,
        1,
        null,
        null,
        null,
        1,
        3,
        2,
        null,
        null,
        null,
        1,
        12,
        12,
        35,
        23,
        null,
        null
      ]
    },
    "timestamp": 1601250015
  }
}
