{
  "RSpec": {
    "coverage": {
      "/home/interpreted-number-2717/tic-tac-toe-rb-ruby-apply-000/lib/tic_tac_toe.rb": [
        null,
        null,
        1,
        null,
        null,
        null,
        null,
        null,
        null,
        null,
        null,
        null,
        1,
        23,
        23,
        23,
        23,
        23,
        null,
        null,
        1,
        47680,
        null,
        null,
        1,
        23,
        null,
        null,
        1,
        47680,
        161,
        null,
        47519,
        null,
        null,
        null,
        1,
        47680,
        23,
        null,
        47657,
        null,
        null,
        null,
        1,
        47690,
        47684,
        47680,
        47680,
        23,
        23,
        null,
        47657,
        null,
        null,
        null,
        1,
        23,
        23,
        207,
        40,
        null,
        null,
        23,
        null,
        null,
        1,
        23,
        23,
        15,
        null,
        8,
        null,
        null,
        1,
        0,
        0,
        0,
        0,
        null,
        0,
        0,
        0,
        0,
        0,
        0,
        0,
        0,
        null,
        null,
        0,
        null,
        null,
        1,
        0,
        0,
        null,
        null,
        null,
        1,
        0,
        0,
        0,
        0,
        null,
        null,
        null,
        1,
        0,
        0,
        null,
        0,
        null,
        null,
        null,
        1,
        0,
        0,
        null,
        null,
        null,
        1,
        12,
        12,
        35,
        23,
        null,
        null
      ]
    },
    "timestamp": 1601250075
  }
}
